Command line invocation:
    /Applications/Xcode.app/Contents/Developer/usr/bin/xcodebuild -project AutoClicker.xcodeproj -scheme AutoClicker -configuration Release build

ComputePackagePrebuildTargetDependencyGraph

Prepare packages

CreateBuildRequest

SendProjectDescription

CreateBuildOperation

ComputeTargetDependencyGraph
note: Building targets in dependency order
note: Target dependency graph (1 target)
    Target 'AutoClicker' in project 'AutoClicker' (no dependencies)

GatherProvisioningInputs

CreateBuildDescription

ExecuteExternalTool /Applications/Xcode.app/Contents/Developer/Toolchains/XcodeDefault.xctoolchain/usr/bin/clang -v -E -dM -isysroot /Applications/Xcode.app/Contents/Developer/Platforms/MacOSX.platform/Developer/SDKs/MacOSX15.4.sdk -x c -c /dev/null

ExecuteExternalTool /Applications/Xcode.app/Contents/Developer/usr/bin/actool --version --output-format xml1

ExecuteExternalTool /Applications/Xcode.app/Contents/Developer/Toolchains/XcodeDefault.xctoolchain/usr/bin/swiftc --version

ExecuteExternalTool /Applications/Xcode.app/Contents/Developer/Toolchains/XcodeDefault.xctoolchain/usr/bin/ld -version_details

Build description signature: b4c298704b0b233dd33aeb1f93a68a82
Build description path: /Users/yichen/Library/Developer/Xcode/DerivedData/AutoClicker-fdghzcaxjqxvdueqjinxayxmcqyh/Build/Intermediates.noindex/XCBuildData/b4c298704b0b233dd33aeb1f93a68a82.xcbuilddata
error: Multiple commands produce '/Users/yichen/Library/Developer/Xcode/DerivedData/AutoClicker-fdghzcaxjqxvdueqjinxayxmcqyh/Build/Intermediates.noindex/AutoClicker.build/Release/AutoClicker.build/Objects-normal/arm64/AutoClickerApp.stringsdata'
    note: Target 'AutoClicker' (project 'AutoClicker') has Swift tasks blocking downstream compilation
    note: Target 'AutoClicker' (project 'AutoClicker') has Swift tasks blocking downstream compilation
ClangStatCache /Applications/Xcode.app/Contents/Developer/Toolchains/XcodeDefault.xctoolchain/usr/bin/clang-stat-cache /Applications/Xcode.app/Contents/Developer/Platforms/MacOSX.platform/Developer/SDKs/MacOSX15.4.sdk /Users/yichen/Library/Developer/Xcode/DerivedData/SDKStatCaches.noindex/macosx15.4-24E241-88b860576fb364319593bd8fb30666b0.sdkstatcache
    cd /Users/yichen/Downloads/cursor/autoclickxcode/AutoClicker/AutoClicker.xcodeproj
    /Applications/Xcode.app/Contents/Developer/Toolchains/XcodeDefault.xctoolchain/usr/bin/clang-stat-cache /Applications/Xcode.app/Contents/Developer/Platforms/MacOSX.platform/Developer/SDKs/MacOSX15.4.sdk -o /Users/yichen/Library/Developer/Xcode/DerivedData/SDKStatCaches.noindex/macosx15.4-24E241-88b860576fb364319593bd8fb30666b0.sdkstatcache

CreateBuildDirectory /Users/yichen/Library/Developer/Xcode/DerivedData/AutoClicker-fdghzcaxjqxvdueqjinxayxmcqyh/Build/Intermediates.noindex
    cd /Users/yichen/Downloads/cursor/autoclickxcode/AutoClicker/AutoClicker.xcodeproj
    builtin-create-build-directory /Users/yichen/Library/Developer/Xcode/DerivedData/AutoClicker-fdghzcaxjqxvdueqjinxayxmcqyh/Build/Intermediates.noindex

CreateBuildDirectory /Users/yichen/Library/Developer/Xcode/DerivedData/AutoClicker-fdghzcaxjqxvdueqjinxayxmcqyh/Build/Products
    cd /Users/yichen/Downloads/cursor/autoclickxcode/AutoClicker/AutoClicker.xcodeproj
    builtin-create-build-directory /Users/yichen/Library/Developer/Xcode/DerivedData/AutoClicker-fdghzcaxjqxvdueqjinxayxmcqyh/Build/Products

note: Disabling previews because SWIFT_VERSION is set and SWIFT_OPTIMIZATION_LEVEL=-O, expected -Onone (in target 'AutoClicker' from project 'AutoClicker')
warning: duplicate output file '/Users/yichen/Library/Developer/Xcode/DerivedData/AutoClicker-fdghzcaxjqxvdueqjinxayxmcqyh/Build/Intermediates.noindex/AutoClicker.build/Release/AutoClicker.build/Objects-normal/arm64/AutoClickerApp.stringsdata' on task: SwiftDriver Compilation Requirements AutoClicker normal arm64 com.apple.xcode.tools.swift.compiler (in target 'AutoClicker' from project 'AutoClicker')
