=== 自動開發腳本啟動 2025年 5月 4日 週日 21時22分18秒 CST ===
工作目錄：/Users/yichen/Downloads/cursor/autoclick
系統信息：Darwin yideMacBook-Air.local 24.4.0 Darwin Kernel Version 24.4.0: Fri Apr 11 18:34:14 PDT 2025; root:xnu-11417.101.15~117/RELEASE_ARM64_T8122 arm64
Swift 版本：Apple Swift version 6.1 (swiftlang-6.1.0.110.21 clang-1700.0.13.3)
Target: arm64-apple-macosx15.0
🔍 檢查目錄結構...
🔧 檢查必要工具...
🔍 運行 SwiftLint...
🎨 運行 SwiftFormat...
🧪 運行測試...
⚠️ 測試失敗，正在重試 (1/3)...
⚠️ 測試失敗，正在重試 (2/3)...
❌ 測試失敗
⚠️ 發現問題，正在重試...
🔍 運行 SwiftLint...
🎨 運行 SwiftFormat...
🧪 運行測試...
⚠️ 測試失敗，正在重試 (1/3)...
⚠️ 測試失敗，正在重試 (2/3)...
❌ 測試失敗
⚠️ 發現問題，正在重試...
🔍 運行 SwiftLint...
🎨 運行 SwiftFormat...
🧪 運行測試...
⚠️ 測試失敗，正在重試 (1/3)...
⚠️ 測試失敗，正在重試 (2/3)...
❌ 測試失敗
⚠️ 發現問題，正在重試...
🔍 運行 SwiftLint...
🎨 運行 SwiftFormat...
🧪 運行測試...
⚠️ 測試失敗，正在重試 (1/3)...
⚠️ 測試失敗，正在重試 (2/3)...
❌ 測試失敗
⚠️ 發現問題，正在重試...
🔍 運行 SwiftLint...
🎨 運行 SwiftFormat...
🧪 運行測試...
⚠️ 測試失敗，正在重試 (1/3)...
⚠️ 測試失敗，正在重試 (2/3)...
❌ 測試失敗
⚠️ 發現問題，正在重試...
🔍 運行 SwiftLint...
🎨 運行 SwiftFormat...
🧪 運行測試...
⚠️ 測試失敗，正在重試 (1/3)...
⚠️ 測試失敗，正在重試 (2/3)...
❌ 測試失敗
⚠️ 發現問題，正在重試...
🔍 運行 SwiftLint...
🎨 運行 SwiftFormat...
🧪 運行測試...
⚠️ 測試失敗，正在重試 (1/3)...
⚠️ 測試失敗，正在重試 (2/3)...
❌ 測試失敗
⚠️ 發現問題，正在重試...
🔍 運行 SwiftLint...
🎨 運行 SwiftFormat...
🧪 運行測試...
⚠️ 測試失敗，正在重試 (1/3)...
⚠️ 測試失敗，正在重試 (2/3)...
❌ 測試失敗
⚠️ 發現問題，正在重試...
🔍 運行 SwiftLint...
🎨 運行 SwiftFormat...
🧪 運行測試...
⚠️ 測試失敗，正在重試 (1/3)...
⚠️ 測試失敗，正在重試 (2/3)...
❌ 測試失敗
⚠️ 發現問題，正在重試...
🔍 運行 SwiftLint...
🎨 運行 SwiftFormat...
🧪 運行測試...
⚠️ 測試失敗，正在重試 (1/3)...
⚠️ 測試失敗，正在重試 (2/3)...
❌ 測試失敗
⚠️ 發現問題，正在重試...
🔍 運行 SwiftLint...
🎨 運行 SwiftFormat...
🧪 運行測試...
⚠️ 測試失敗，正在重試 (1/3)...
⚠️ 測試失敗，正在重試 (2/3)...
❌ 測試失敗
⚠️ 發現問題，正在重試...
🔍 運行 SwiftLint...
🎨 運行 SwiftFormat...
🧪 運行測試...
⚠️ 測試失敗，正在重試 (1/3)...
⚠️ 測試失敗，正在重試 (2/3)...
❌ 測試失敗
⚠️ 發現問題，正在重試...
🔍 運行 SwiftLint...
🎨 運行 SwiftFormat...
🧪 運行測試...
⚠️ 測試失敗，正在重試 (1/3)...
⚠️ 測試失敗，正在重試 (2/3)...
❌ 測試失敗
⚠️ 發現問題，正在重試...
🔍 運行 SwiftLint...
🎨 運行 SwiftFormat...
🧪 運行測試...
⚠️ 測試失敗，正在重試 (1/3)...
⚠️ 測試失敗，正在重試 (2/3)...
❌ 測試失敗
⚠️ 發現問題，正在重試...
🔍 運行 SwiftLint...
🎨 運行 SwiftFormat...
🧪 運行測試...
⚠️ 測試失敗，正在重試 (1/3)...
⚠️ 測試失敗，正在重試 (2/3)...
❌ 測試失敗
⚠️ 發現問題，正在重試...
🔍 運行 SwiftLint...
🎨 運行 SwiftFormat...
🧪 運行測試...
⚠️ 測試失敗，正在重試 (1/3)...
⚠️ 測試失敗，正在重試 (2/3)...
❌ 測試失敗
⚠️ 發現問題，正在重試...
🔍 運行 SwiftLint...
🎨 運行 SwiftFormat...
🧪 運行測試...
⚠️ 測試失敗，正在重試 (1/3)...
⚠️ 測試失敗，正在重試 (2/3)...
❌ 測試失敗
⚠️ 發現問題，正在重試...
🔍 運行 SwiftLint...
🎨 運行 SwiftFormat...
🧪 運行測試...
⚠️ 測試失敗，正在重試 (1/3)...
⚠️ 測試失敗，正在重試 (2/3)...
❌ 測試失敗
⚠️ 發現問題，正在重試...
🔍 運行 SwiftLint...
🎨 運行 SwiftFormat...
🧪 運行測試...
⚠️ 測試失敗，正在重試 (1/3)...
⚠️ 測試失敗，正在重試 (2/3)...
❌ 測試失敗
⚠️ 發現問題，正在重試...
🔍 運行 SwiftLint...
🎨 運行 SwiftFormat...
🧪 運行測試...
⚠️ 測試失敗，正在重試 (1/3)...
⚠️ 測試失敗，正在重試 (2/3)...
❌ 測試失敗
⚠️ 發現問題，正在重試...
🔍 運行 SwiftLint...
🎨 運行 SwiftFormat...
🧪 運行測試...
⚠️ 測試失敗，正在重試 (1/3)...
⚠️ 測試失敗，正在重試 (2/3)...
❌ 測試失敗
⚠️ 發現問題，正在重試...
🔍 運行 SwiftLint...
🎨 運行 SwiftFormat...
🧪 運行測試...
⚠️ 測試失敗，正在重試 (1/3)...
⚠️ 測試失敗，正在重試 (2/3)...
❌ 測試失敗
⚠️ 發現問題，正在重試...
🔍 運行 SwiftLint...
🎨 運行 SwiftFormat...
🧪 運行測試...
⚠️ 測試失敗，正在重試 (1/3)...
⚠️ 測試失敗，正在重試 (2/3)...
❌ 測試失敗
⚠️ 發現問題，正在重試...
